<?xml version="1.0" encoding="UTF-8"?>
<testsuite xmlns:xsi="http://www.w3.org/2001/XMLSchema-instance" xsi:noNamespaceSchemaLocation="https://maven.apache.org/surefire/maven-surefire-plugin/xsd/surefire-test-report.xsd" name="com.niit.graduation.GraduationApplicationTests" time="6.684" tests="1" errors="0" skipped="0" failures="0">
  <properties>
    <property name="sun.desktop" value="windows"/>
    <property name="awt.toolkit" value="sun.awt.windows.WToolkit"/>
    <property name="file.encoding.pkg" value="sun.io"/>
    <property name="java.specification.version" value="1.8"/>
    <property name="sun.cpu.isalist" value="amd64"/>
    <property name="sun.jnu.encoding" value="GBK"/>
    <property name="java.class.path" value="C:\Career\GiteeProjects\graduation\target\test-classes;C:\Career\GiteeProjects\graduation\target\classes;C:\Career\Maven\maven_repository\com\squareup\okhttp3\okhttp\3.11.0\okhttp-3.11.0.jar;C:\Career\Maven\maven_repository\com\squareup\okio\okio\1.14.0\okio-1.14.0.jar;C:\Career\Maven\maven_repository\com\alibaba\fastjson\1.2.51\fastjson-1.2.51.jar;C:\Career\Maven\maven_repository\mysql\mysql-connector-java\8.0.19\mysql-connector-java-8.0.19.jar;C:\Career\Maven\maven_repository\com\alibaba\druid-spring-boot-starter\1.1.10\druid-spring-boot-starter-1.1.10.jar;C:\Career\Maven\maven_repository\com\alibaba\druid\1.1.10\druid-1.1.10.jar;C:\Career\Maven\maven_repository\org\slf4j\slf4j-api\1.7.30\slf4j-api-1.7.30.jar;C:\Career\Maven\maven_repository\org\springframework\boot\spring-boot-autoconfigure\2.2.6.RELEASE\spring-boot-autoconfigure-2.2.6.RELEASE.jar;C:\Career\Maven\maven_repository\org\springframework\boot\spring-boot-starter-data-jdbc\2.2.6.RELEASE\spring-boot-starter-data-jdbc-2.2.6.RELEASE.jar;C:\Career\Maven\maven_repository\org\springframework\boot\spring-boot-starter-jdbc\2.2.6.RELEASE\spring-boot-starter-jdbc-2.2.6.RELEASE.jar;C:\Career\Maven\maven_repository\com\zaxxer\HikariCP\3.4.2\HikariCP-3.4.2.jar;C:\Career\Maven\maven_repository\org\springframework\spring-jdbc\5.2.5.RELEASE\spring-jdbc-5.2.5.RELEASE.jar;C:\Career\Maven\maven_repository\org\springframework\data\spring-data-jdbc\1.1.6.RELEASE\spring-data-jdbc-1.1.6.RELEASE.jar;C:\Career\Maven\maven_repository\org\springframework\data\spring-data-relational\1.1.6.RELEASE\spring-data-relational-1.1.6.RELEASE.jar;C:\Career\Maven\maven_repository\org\springframework\data\spring-data-commons\2.2.6.RELEASE\spring-data-commons-2.2.6.RELEASE.jar;C:\Career\Maven\maven_repository\org\springframework\spring-tx\5.2.5.RELEASE\spring-tx-5.2.5.RELEASE.jar;C:\Career\Maven\maven_repository\org\springframework\spring-context\5.2.5.RELEASE\spring-context-5.2.5.RELEASE.jar;C:\Career\Maven\maven_repository\org\springframework\spring-beans\5.2.5.RELEASE\spring-beans-5.2.5.RELEASE.jar;C:\Career\Maven\maven_repository\org\webjars\jquery\3.4.1\jquery-3.4.1.jar;C:\Career\Maven\maven_repository\org\springframework\boot\spring-boot-starter-data-jpa\2.2.6.RELEASE\spring-boot-starter-data-jpa-2.2.6.RELEASE.jar;C:\Career\Maven\maven_repository\jakarta\activation\jakarta.activation-api\1.2.2\jakarta.activation-api-1.2.2.jar;C:\Career\Maven\maven_repository\jakarta\persistence\jakarta.persistence-api\2.2.3\jakarta.persistence-api-2.2.3.jar;C:\Career\Maven\maven_repository\jakarta\transaction\jakarta.transaction-api\1.3.3\jakarta.transaction-api-1.3.3.jar;C:\Career\Maven\maven_repository\org\hibernate\hibernate-core\5.4.12.Final\hibernate-core-5.4.12.Final.jar;C:\Career\Maven\maven_repository\org\jboss\logging\jboss-logging\3.4.1.Final\jboss-logging-3.4.1.Final.jar;C:\Career\Maven\maven_repository\org\javassist\javassist\3.24.0-GA\javassist-3.24.0-GA.jar;C:\Career\Maven\maven_repository\net\bytebuddy\byte-buddy\1.10.8\byte-buddy-1.10.8.jar;C:\Career\Maven\maven_repository\antlr\antlr\2.7.7\antlr-2.7.7.jar;C:\Career\Maven\maven_repository\org\jboss\jandex\2.1.1.Final\jandex-2.1.1.Final.jar;C:\Career\Maven\maven_repository\com\fasterxml\classmate\1.5.1\classmate-1.5.1.jar;C:\Career\Maven\maven_repository\org\dom4j\dom4j\2.1.1\dom4j-2.1.1.jar;C:\Career\Maven\maven_repository\org\hibernate\common\hibernate-commons-annotations\5.1.0.Final\hibernate-commons-annotations-5.1.0.Final.jar;C:\Career\Maven\maven_repository\org\glassfish\jaxb\jaxb-runtime\2.3.2\jaxb-runtime-2.3.2.jar;C:\Career\Maven\maven_repository\org\glassfish\jaxb\txw2\2.3.2\txw2-2.3.2.jar;C:\Career\Maven\maven_repository\com\sun\istack\istack-commons-runtime\3.0.8\istack-commons-runtime-3.0.8.jar;C:\Career\Maven\maven_repository\org\jvnet\staxex\stax-ex\1.8.1\stax-ex-1.8.1.jar;C:\Career\Maven\maven_repository\com\sun\xml\fastinfoset\FastInfoset\1.2.16\FastInfoset-1.2.16.jar;C:\Career\Maven\maven_repository\org\springframework\data\spring-data-jpa\2.2.6.RELEASE\spring-data-jpa-2.2.6.RELEASE.jar;C:\Career\Maven\maven_repository\org\springframework\spring-orm\5.2.5.RELEASE\spring-orm-5.2.5.RELEASE.jar;C:\Career\Maven\maven_repository\org\springframework\spring-aspects\5.2.5.RELEASE\spring-aspects-5.2.5.RELEASE.jar;C:\Career\Maven\maven_repository\org\springframework\boot\spring-boot-starter-thymeleaf\2.2.6.RELEASE\spring-boot-starter-thymeleaf-2.2.6.RELEASE.jar;C:\Career\Maven\maven_repository\org\springframework\boot\spring-boot-starter\2.2.6.RELEASE\spring-boot-starter-2.2.6.RELEASE.jar;C:\Career\Maven\maven_repository\org\springframework\boot\spring-boot-starter-logging\2.2.6.RELEASE\spring-boot-starter-logging-2.2.6.RELEASE.jar;C:\Career\Maven\maven_repository\ch\qos\logback\logback-classic\1.2.3\logback-classic-1.2.3.jar;C:\Career\Maven\maven_repository\ch\qos\logback\logback-core\1.2.3\logback-core-1.2.3.jar;C:\Career\Maven\maven_repository\org\apache\logging\log4j\log4j-to-slf4j\2.12.1\log4j-to-slf4j-2.12.1.jar;C:\Career\Maven\maven_repository\org\apache\logging\log4j\log4j-api\2.12.1\log4j-api-2.12.1.jar;C:\Career\Maven\maven_repository\org\slf4j\jul-to-slf4j\1.7.30\jul-to-slf4j-1.7.30.jar;C:\Career\Maven\maven_repository\jakarta\annotation\jakarta.annotation-api\1.3.5\jakarta.annotation-api-1.3.5.jar;C:\Career\Maven\maven_repository\org\yaml\snakeyaml\1.25\snakeyaml-1.25.jar;C:\Career\Maven\maven_repository\org\thymeleaf\thymeleaf-spring5\3.0.11.RELEASE\thymeleaf-spring5-3.0.11.RELEASE.jar;C:\Career\Maven\maven_repository\org\thymeleaf\thymeleaf\3.0.11.RELEASE\thymeleaf-3.0.11.RELEASE.jar;C:\Career\Maven\maven_repository\org\attoparser\attoparser\2.0.5.RELEASE\attoparser-2.0.5.RELEASE.jar;C:\Career\Maven\maven_repository\org\unbescape\unbescape\1.1.6.RELEASE\unbescape-1.1.6.RELEASE.jar;C:\Career\Maven\maven_repository\org\thymeleaf\extras\thymeleaf-extras-java8time\3.0.4.RELEASE\thymeleaf-extras-java8time-3.0.4.RELEASE.jar;C:\Career\Maven\maven_repository\org\springframework\boot\spring-boot-starter-aop\2.2.6.RELEASE\spring-boot-starter-aop-2.2.6.RELEASE.jar;C:\Career\Maven\maven_repository\org\springframework\spring-aop\5.2.5.RELEASE\spring-aop-5.2.5.RELEASE.jar;C:\Career\Maven\maven_repository\org\aspectj\aspectjweaver\1.9.5\aspectjweaver-1.9.5.jar;C:\Career\Maven\maven_repository\org\springframework\boot\spring-boot-starter-web\2.2.6.RELEASE\spring-boot-starter-web-2.2.6.RELEASE.jar;C:\Career\Maven\maven_repository\org\springframework\boot\spring-boot-starter-json\2.2.6.RELEASE\spring-boot-starter-json-2.2.6.RELEASE.jar;C:\Career\Maven\maven_repository\com\fasterxml\jackson\core\jackson-databind\2.10.3\jackson-databind-2.10.3.jar;C:\Career\Maven\maven_repository\com\fasterxml\jackson\core\jackson-annotations\2.10.3\jackson-annotations-2.10.3.jar;C:\Career\Maven\maven_repository\com\fasterxml\jackson\core\jackson-core\2.10.3\jackson-core-2.10.3.jar;C:\Career\Maven\maven_repository\com\fasterxml\jackson\datatype\jackson-datatype-jdk8\2.10.3\jackson-datatype-jdk8-2.10.3.jar;C:\Career\Maven\maven_repository\com\fasterxml\jackson\datatype\jackson-datatype-jsr310\2.10.3\jackson-datatype-jsr310-2.10.3.jar;C:\Career\Maven\maven_repository\com\fasterxml\jackson\module\jackson-module-parameter-names\2.10.3\jackson-module-parameter-names-2.10.3.jar;C:\Career\Maven\maven_repository\org\springframework\boot\spring-boot-starter-tomcat\2.2.6.RELEASE\spring-boot-starter-tomcat-2.2.6.RELEASE.jar;C:\Career\Maven\maven_repository\org\apache\tomcat\embed\tomcat-embed-core\9.0.33\tomcat-embed-core-9.0.33.jar;C:\Career\Maven\maven_repository\org\apache\tomcat\embed\tomcat-embed-el\9.0.33\tomcat-embed-el-9.0.33.jar;C:\Career\Maven\maven_repository\org\apache\tomcat\embed\tomcat-embed-websocket\9.0.33\tomcat-embed-websocket-9.0.33.jar;C:\Career\Maven\maven_repository\org\springframework\boot\spring-boot-starter-validation\2.2.6.RELEASE\spring-boot-starter-validation-2.2.6.RELEASE.jar;C:\Career\Maven\maven_repository\jakarta\validation\jakarta.validation-api\2.0.2\jakarta.validation-api-2.0.2.jar;C:\Career\Maven\maven_repository\org\hibernate\validator\hibernate-validator\6.0.18.Final\hibernate-validator-6.0.18.Final.jar;C:\Career\Maven\maven_repository\org\springframework\spring-web\5.2.5.RELEASE\spring-web-5.2.5.RELEASE.jar;C:\Career\Maven\maven_repository\org\springframework\spring-webmvc\5.2.5.RELEASE\spring-webmvc-5.2.5.RELEASE.jar;C:\Career\Maven\maven_repository\org\springframework\spring-expression\5.2.5.RELEASE\spring-expression-5.2.5.RELEASE.jar;C:\Career\Maven\maven_repository\org\springframework\boot\spring-boot-devtools\2.2.6.RELEASE\spring-boot-devtools-2.2.6.RELEASE.jar;C:\Career\Maven\maven_repository\org\springframework\boot\spring-boot\2.2.6.RELEASE\spring-boot-2.2.6.RELEASE.jar;C:\Career\Maven\maven_repository\org\projectlombok\lombok\1.18.12\lombok-1.18.12.jar;C:\Career\Maven\maven_repository\com\atlassian\commonmark\commonmark\0.10.0\commonmark-0.10.0.jar;C:\Career\Maven\maven_repository\com\atlassian\commonmark\commonmark-ext-heading-anchor\0.10.0\commonmark-ext-heading-anchor-0.10.0.jar;C:\Career\Maven\maven_repository\com\atlassian\commonmark\commonmark-ext-gfm-tables\0.10.0\commonmark-ext-gfm-tables-0.10.0.jar;C:\Career\Maven\maven_repository\org\springframework\boot\spring-boot-starter-test\2.2.6.RELEASE\spring-boot-starter-test-2.2.6.RELEASE.jar;C:\Career\Maven\maven_repository\org\springframework\boot\spring-boot-test\2.2.6.RELEASE\spring-boot-test-2.2.6.RELEASE.jar;C:\Career\Maven\maven_repository\org\springframework\boot\spring-boot-test-autoconfigure\2.2.6.RELEASE\spring-boot-test-autoconfigure-2.2.6.RELEASE.jar;C:\Career\Maven\maven_repository\com\jayway\jsonpath\json-path\2.4.0\json-path-2.4.0.jar;C:\Career\Maven\maven_repository\net\minidev\json-smart\2.3\json-smart-2.3.jar;C:\Career\Maven\maven_repository\net\minidev\accessors-smart\1.2\accessors-smart-1.2.jar;C:\Career\Maven\maven_repository\org\ow2\asm\asm\5.0.4\asm-5.0.4.jar;C:\Career\Maven\maven_repository\jakarta\xml\bind\jakarta.xml.bind-api\2.3.3\jakarta.xml.bind-api-2.3.3.jar;C:\Career\Maven\maven_repository\org\junit\jupiter\junit-jupiter\5.5.2\junit-jupiter-5.5.2.jar;C:\Career\Maven\maven_repository\org\junit\jupiter\junit-jupiter-api\5.5.2\junit-jupiter-api-5.5.2.jar;C:\Career\Maven\maven_repository\org\apiguardian\apiguardian-api\1.1.0\apiguardian-api-1.1.0.jar;C:\Career\Maven\maven_repository\org\opentest4j\opentest4j\1.2.0\opentest4j-1.2.0.jar;C:\Career\Maven\maven_repository\org\junit\platform\junit-platform-commons\1.5.2\junit-platform-commons-1.5.2.jar;C:\Career\Maven\maven_repository\org\junit\jupiter\junit-jupiter-params\5.5.2\junit-jupiter-params-5.5.2.jar;C:\Career\Maven\maven_repository\org\junit\jupiter\junit-jupiter-engine\5.5.2\junit-jupiter-engine-5.5.2.jar;C:\Career\Maven\maven_repository\org\junit\platform\junit-platform-engine\1.5.2\junit-platform-engine-1.5.2.jar;C:\Career\Maven\maven_repository\org\mockito\mockito-junit-jupiter\3.1.0\mockito-junit-jupiter-3.1.0.jar;C:\Career\Maven\maven_repository\org\assertj\assertj-core\3.13.2\assertj-core-3.13.2.jar;C:\Career\Maven\maven_repository\org\hamcrest\hamcrest\2.1\hamcrest-2.1.jar;C:\Career\Maven\maven_repository\org\mockito\mockito-core\3.1.0\mockito-core-3.1.0.jar;C:\Career\Maven\maven_repository\net\bytebuddy\byte-buddy-agent\1.10.8\byte-buddy-agent-1.10.8.jar;C:\Career\Maven\maven_repository\org\objenesis\objenesis\2.6\objenesis-2.6.jar;C:\Career\Maven\maven_repository\org\skyscreamer\jsonassert\1.5.0\jsonassert-1.5.0.jar;C:\Career\Maven\maven_repository\com\vaadin\external\google\android-json\0.0.20131108.vaadin1\android-json-0.0.20131108.vaadin1.jar;C:\Career\Maven\maven_repository\org\springframework\spring-core\5.2.5.RELEASE\spring-core-5.2.5.RELEASE.jar;C:\Career\Maven\maven_repository\org\springframework\spring-jcl\5.2.5.RELEASE\spring-jcl-5.2.5.RELEASE.jar;C:\Career\Maven\maven_repository\org\springframework\spring-test\5.2.5.RELEASE\spring-test-5.2.5.RELEASE.jar;C:\Career\Maven\maven_repository\org\xmlunit\xmlunit-core\2.6.4\xmlunit-core-2.6.4.jar;"/>
    <property name="java.vm.vendor" value="Oracle Corporation"/>
    <property name="sun.arch.data.model" value="64"/>
    <property name="user.variant" value=""/>
    <property name="java.vendor.url" value="http://java.oracle.com/"/>
    <property name="user.timezone" value="Asia/Shanghai"/>
    <property name="java.vm.specification.version" value="1.8"/>
    <property name="os.name" value="Windows 10"/>
    <property name="user.country" value="CN"/>
    <property name="sun.java.launcher" value="SUN_STANDARD"/>
    <property name="sun.boot.library.path" value="C:\Career\Java\jdk1.8u221\jre\bin"/>
    <property name="sun.java.command" value="C:\Users\yanlang\AppData\Local\Temp\surefire8648198824614931172\surefirebooter1210549826250733338.jar C:\Users\yanlang\AppData\Local\Temp\surefire8648198824614931172 2020-11-29T22-09-15_453-jvmRun1 surefire5420081623913303519tmp surefire_01205900607240096992tmp"/>
    <property name="surefire.test.class.path" value="C:\Career\GiteeProjects\graduation\target\test-classes;C:\Career\GiteeProjects\graduation\target\classes;C:\Career\Maven\maven_repository\com\squareup\okhttp3\okhttp\3.11.0\okhttp-3.11.0.jar;C:\Career\Maven\maven_repository\com\squareup\okio\okio\1.14.0\okio-1.14.0.jar;C:\Career\Maven\maven_repository\com\alibaba\fastjson\1.2.51\fastjson-1.2.51.jar;C:\Career\Maven\maven_repository\mysql\mysql-connector-java\8.0.19\mysql-connector-java-8.0.19.jar;C:\Career\Maven\maven_repository\com\alibaba\druid-spring-boot-starter\1.1.10\druid-spring-boot-starter-1.1.10.jar;C:\Career\Maven\maven_repository\com\alibaba\druid\1.1.10\druid-1.1.10.jar;C:\Career\Maven\maven_repository\org\slf4j\slf4j-api\1.7.30\slf4j-api-1.7.30.jar;C:\Career\Maven\maven_repository\org\springframework\boot\spring-boot-autoconfigure\2.2.6.RELEASE\spring-boot-autoconfigure-2.2.6.RELEASE.jar;C:\Career\Maven\maven_repository\org\springframework\boot\spring-boot-starter-data-jdbc\2.2.6.RELEASE\spring-boot-starter-data-jdbc-2.2.6.RELEASE.jar;C:\Career\Maven\maven_repository\org\springframework\boot\spring-boot-starter-jdbc\2.2.6.RELEASE\spring-boot-starter-jdbc-2.2.6.RELEASE.jar;C:\Career\Maven\maven_repository\com\zaxxer\HikariCP\3.4.2\HikariCP-3.4.2.jar;C:\Career\Maven\maven_repository\org\springframework\spring-jdbc\5.2.5.RELEASE\spring-jdbc-5.2.5.RELEASE.jar;C:\Career\Maven\maven_repository\org\springframework\data\spring-data-jdbc\1.1.6.RELEASE\spring-data-jdbc-1.1.6.RELEASE.jar;C:\Career\Maven\maven_repository\org\springframework\data\spring-data-relational\1.1.6.RELEASE\spring-data-relational-1.1.6.RELEASE.jar;C:\Career\Maven\maven_repository\org\springframework\data\spring-data-commons\2.2.6.RELEASE\spring-data-commons-2.2.6.RELEASE.jar;C:\Career\Maven\maven_repository\org\springframework\spring-tx\5.2.5.RELEASE\spring-tx-5.2.5.RELEASE.jar;C:\Career\Maven\maven_repository\org\springframework\spring-context\5.2.5.RELEASE\spring-context-5.2.5.RELEASE.jar;C:\Career\Maven\maven_repository\org\springframework\spring-beans\5.2.5.RELEASE\spring-beans-5.2.5.RELEASE.jar;C:\Career\Maven\maven_repository\org\webjars\jquery\3.4.1\jquery-3.4.1.jar;C:\Career\Maven\maven_repository\org\springframework\boot\spring-boot-starter-data-jpa\2.2.6.RELEASE\spring-boot-starter-data-jpa-2.2.6.RELEASE.jar;C:\Career\Maven\maven_repository\jakarta\activation\jakarta.activation-api\1.2.2\jakarta.activation-api-1.2.2.jar;C:\Career\Maven\maven_repository\jakarta\persistence\jakarta.persistence-api\2.2.3\jakarta.persistence-api-2.2.3.jar;C:\Career\Maven\maven_repository\jakarta\transaction\jakarta.transaction-api\1.3.3\jakarta.transaction-api-1.3.3.jar;C:\Career\Maven\maven_repository\org\hibernate\hibernate-core\5.4.12.Final\hibernate-core-5.4.12.Final.jar;C:\Career\Maven\maven_repository\org\jboss\logging\jboss-logging\3.4.1.Final\jboss-logging-3.4.1.Final.jar;C:\Career\Maven\maven_repository\org\javassist\javassist\3.24.0-GA\javassist-3.24.0-GA.jar;C:\Career\Maven\maven_repository\net\bytebuddy\byte-buddy\1.10.8\byte-buddy-1.10.8.jar;C:\Career\Maven\maven_repository\antlr\antlr\2.7.7\antlr-2.7.7.jar;C:\Career\Maven\maven_repository\org\jboss\jandex\2.1.1.Final\jandex-2.1.1.Final.jar;C:\Career\Maven\maven_repository\com\fasterxml\classmate\1.5.1\classmate-1.5.1.jar;C:\Career\Maven\maven_repository\org\dom4j\dom4j\2.1.1\dom4j-2.1.1.jar;C:\Career\Maven\maven_repository\org\hibernate\common\hibernate-commons-annotations\5.1.0.Final\hibernate-commons-annotations-5.1.0.Final.jar;C:\Career\Maven\maven_repository\org\glassfish\jaxb\jaxb-runtime\2.3.2\jaxb-runtime-2.3.2.jar;C:\Career\Maven\maven_repository\org\glassfish\jaxb\txw2\2.3.2\txw2-2.3.2.jar;C:\Career\Maven\maven_repository\com\sun\istack\istack-commons-runtime\3.0.8\istack-commons-runtime-3.0.8.jar;C:\Career\Maven\maven_repository\org\jvnet\staxex\stax-ex\1.8.1\stax-ex-1.8.1.jar;C:\Career\Maven\maven_repository\com\sun\xml\fastinfoset\FastInfoset\1.2.16\FastInfoset-1.2.16.jar;C:\Career\Maven\maven_repository\org\springframework\data\spring-data-jpa\2.2.6.RELEASE\spring-data-jpa-2.2.6.RELEASE.jar;C:\Career\Maven\maven_repository\org\springframework\spring-orm\5.2.5.RELEASE\spring-orm-5.2.5.RELEASE.jar;C:\Career\Maven\maven_repository\org\springframework\spring-aspects\5.2.5.RELEASE\spring-aspects-5.2.5.RELEASE.jar;C:\Career\Maven\maven_repository\org\springframework\boot\spring-boot-starter-thymeleaf\2.2.6.RELEASE\spring-boot-starter-thymeleaf-2.2.6.RELEASE.jar;C:\Career\Maven\maven_repository\org\springframework\boot\spring-boot-starter\2.2.6.RELEASE\spring-boot-starter-2.2.6.RELEASE.jar;C:\Career\Maven\maven_repository\org\springframework\boot\spring-boot-starter-logging\2.2.6.RELEASE\spring-boot-starter-logging-2.2.6.RELEASE.jar;C:\Career\Maven\maven_repository\ch\qos\logback\logback-classic\1.2.3\logback-classic-1.2.3.jar;C:\Career\Maven\maven_repository\ch\qos\logback\logback-core\1.2.3\logback-core-1.2.3.jar;C:\Career\Maven\maven_repository\org\apache\logging\log4j\log4j-to-slf4j\2.12.1\log4j-to-slf4j-2.12.1.jar;C:\Career\Maven\maven_repository\org\apache\logging\log4j\log4j-api\2.12.1\log4j-api-2.12.1.jar;C:\Career\Maven\maven_repository\org\slf4j\jul-to-slf4j\1.7.30\jul-to-slf4j-1.7.30.jar;C:\Career\Maven\maven_repository\jakarta\annotation\jakarta.annotation-api\1.3.5\jakarta.annotation-api-1.3.5.jar;C:\Career\Maven\maven_repository\org\yaml\snakeyaml\1.25\snakeyaml-1.25.jar;C:\Career\Maven\maven_repository\org\thymeleaf\thymeleaf-spring5\3.0.11.RELEASE\thymeleaf-spring5-3.0.11.RELEASE.jar;C:\Career\Maven\maven_repository\org\thymeleaf\thymeleaf\3.0.11.RELEASE\thymeleaf-3.0.11.RELEASE.jar;C:\Career\Maven\maven_repository\org\attoparser\attoparser\2.0.5.RELEASE\attoparser-2.0.5.RELEASE.jar;C:\Career\Maven\maven_repository\org\unbescape\unbescape\1.1.6.RELEASE\unbescape-1.1.6.RELEASE.jar;C:\Career\Maven\maven_repository\org\thymeleaf\extras\thymeleaf-extras-java8time\3.0.4.RELEASE\thymeleaf-extras-java8time-3.0.4.RELEASE.jar;C:\Career\Maven\maven_repository\org\springframework\boot\spring-boot-starter-aop\2.2.6.RELEASE\spring-boot-starter-aop-2.2.6.RELEASE.jar;C:\Career\Maven\maven_repository\org\springframework\spring-aop\5.2.5.RELEASE\spring-aop-5.2.5.RELEASE.jar;C:\Career\Maven\maven_repository\org\aspectj\aspectjweaver\1.9.5\aspectjweaver-1.9.5.jar;C:\Career\Maven\maven_repository\org\springframework\boot\spring-boot-starter-web\2.2.6.RELEASE\spring-boot-starter-web-2.2.6.RELEASE.jar;C:\Career\Maven\maven_repository\org\springframework\boot\spring-boot-starter-json\2.2.6.RELEASE\spring-boot-starter-json-2.2.6.RELEASE.jar;C:\Career\Maven\maven_repository\com\fasterxml\jackson\core\jackson-databind\2.10.3\jackson-databind-2.10.3.jar;C:\Career\Maven\maven_repository\com\fasterxml\jackson\core\jackson-annotations\2.10.3\jackson-annotations-2.10.3.jar;C:\Career\Maven\maven_repository\com\fasterxml\jackson\core\jackson-core\2.10.3\jackson-core-2.10.3.jar;C:\Career\Maven\maven_repository\com\fasterxml\jackson\datatype\jackson-datatype-jdk8\2.10.3\jackson-datatype-jdk8-2.10.3.jar;C:\Career\Maven\maven_repository\com\fasterxml\jackson\datatype\jackson-datatype-jsr310\2.10.3\jackson-datatype-jsr310-2.10.3.jar;C:\Career\Maven\maven_repository\com\fasterxml\jackson\module\jackson-module-parameter-names\2.10.3\jackson-module-parameter-names-2.10.3.jar;C:\Career\Maven\maven_repository\org\springframework\boot\spring-boot-starter-tomcat\2.2.6.RELEASE\spring-boot-starter-tomcat-2.2.6.RELEASE.jar;C:\Career\Maven\maven_repository\org\apache\tomcat\embed\tomcat-embed-core\9.0.33\tomcat-embed-core-9.0.33.jar;C:\Career\Maven\maven_repository\org\apache\tomcat\embed\tomcat-embed-el\9.0.33\tomcat-embed-el-9.0.33.jar;C:\Career\Maven\maven_repository\org\apache\tomcat\embed\tomcat-embed-websocket\9.0.33\tomcat-embed-websocket-9.0.33.jar;C:\Career\Maven\maven_repository\org\springframework\boot\spring-boot-starter-validation\2.2.6.RELEASE\spring-boot-starter-validation-2.2.6.RELEASE.jar;C:\Career\Maven\maven_repository\jakarta\validation\jakarta.validation-api\2.0.2\jakarta.validation-api-2.0.2.jar;C:\Career\Maven\maven_repository\org\hibernate\validator\hibernate-validator\6.0.18.Final\hibernate-validator-6.0.18.Final.jar;C:\Career\Maven\maven_repository\org\springframework\spring-web\5.2.5.RELEASE\spring-web-5.2.5.RELEASE.jar;C:\Career\Maven\maven_repository\org\springframework\spring-webmvc\5.2.5.RELEASE\spring-webmvc-5.2.5.RELEASE.jar;C:\Career\Maven\maven_repository\org\springframework\spring-expression\5.2.5.RELEASE\spring-expression-5.2.5.RELEASE.jar;C:\Career\Maven\maven_repository\org\springframework\boot\spring-boot-devtools\2.2.6.RELEASE\spring-boot-devtools-2.2.6.RELEASE.jar;C:\Career\Maven\maven_repository\org\springframework\boot\spring-boot\2.2.6.RELEASE\spring-boot-2.2.6.RELEASE.jar;C:\Career\Maven\maven_repository\org\projectlombok\lombok\1.18.12\lombok-1.18.12.jar;C:\Career\Maven\maven_repository\com\atlassian\commonmark\commonmark\0.10.0\commonmark-0.10.0.jar;C:\Career\Maven\maven_repository\com\atlassian\commonmark\commonmark-ext-heading-anchor\0.10.0\commonmark-ext-heading-anchor-0.10.0.jar;C:\Career\Maven\maven_repository\com\atlassian\commonmark\commonmark-ext-gfm-tables\0.10.0\commonmark-ext-gfm-tables-0.10.0.jar;C:\Career\Maven\maven_repository\org\springframework\boot\spring-boot-starter-test\2.2.6.RELEASE\spring-boot-starter-test-2.2.6.RELEASE.jar;C:\Career\Maven\maven_repository\org\springframework\boot\spring-boot-test\2.2.6.RELEASE\spring-boot-test-2.2.6.RELEASE.jar;C:\Career\Maven\maven_repository\org\springframework\boot\spring-boot-test-autoconfigure\2.2.6.RELEASE\spring-boot-test-autoconfigure-2.2.6.RELEASE.jar;C:\Career\Maven\maven_repository\com\jayway\jsonpath\json-path\2.4.0\json-path-2.4.0.jar;C:\Career\Maven\maven_repository\net\minidev\json-smart\2.3\json-smart-2.3.jar;C:\Career\Maven\maven_repository\net\minidev\accessors-smart\1.2\accessors-smart-1.2.jar;C:\Career\Maven\maven_repository\org\ow2\asm\asm\5.0.4\asm-5.0.4.jar;C:\Career\Maven\maven_repository\jakarta\xml\bind\jakarta.xml.bind-api\2.3.3\jakarta.xml.bind-api-2.3.3.jar;C:\Career\Maven\maven_repository\org\junit\jupiter\junit-jupiter\5.5.2\junit-jupiter-5.5.2.jar;C:\Career\Maven\maven_repository\org\junit\jupiter\junit-jupiter-api\5.5.2\junit-jupiter-api-5.5.2.jar;C:\Career\Maven\maven_repository\org\apiguardian\apiguardian-api\1.1.0\apiguardian-api-1.1.0.jar;C:\Career\Maven\maven_repository\org\opentest4j\opentest4j\1.2.0\opentest4j-1.2.0.jar;C:\Career\Maven\maven_repository\org\junit\platform\junit-platform-commons\1.5.2\junit-platform-commons-1.5.2.jar;C:\Career\Maven\maven_repository\org\junit\jupiter\junit-jupiter-params\5.5.2\junit-jupiter-params-5.5.2.jar;C:\Career\Maven\maven_repository\org\junit\jupiter\junit-jupiter-engine\5.5.2\junit-jupiter-engine-5.5.2.jar;C:\Career\Maven\maven_repository\org\junit\platform\junit-platform-engine\1.5.2\junit-platform-engine-1.5.2.jar;C:\Career\Maven\maven_repository\org\mockito\mockito-junit-jupiter\3.1.0\mockito-junit-jupiter-3.1.0.jar;C:\Career\Maven\maven_repository\org\assertj\assertj-core\3.13.2\assertj-core-3.13.2.jar;C:\Career\Maven\maven_repository\org\hamcrest\hamcrest\2.1\hamcrest-2.1.jar;C:\Career\Maven\maven_repository\org\mockito\mockito-core\3.1.0\mockito-core-3.1.0.jar;C:\Career\Maven\maven_repository\net\bytebuddy\byte-buddy-agent\1.10.8\byte-buddy-agent-1.10.8.jar;C:\Career\Maven\maven_repository\org\objenesis\objenesis\2.6\objenesis-2.6.jar;C:\Career\Maven\maven_repository\org\skyscreamer\jsonassert\1.5.0\jsonassert-1.5.0.jar;C:\Career\Maven\maven_repository\com\vaadin\external\google\android-json\0.0.20131108.vaadin1\android-json-0.0.20131108.vaadin1.jar;C:\Career\Maven\maven_repository\org\springframework\spring-core\5.2.5.RELEASE\spring-core-5.2.5.RELEASE.jar;C:\Career\Maven\maven_repository\org\springframework\spring-jcl\5.2.5.RELEASE\spring-jcl-5.2.5.RELEASE.jar;C:\Career\Maven\maven_repository\org\springframework\spring-test\5.2.5.RELEASE\spring-test-5.2.5.RELEASE.jar;C:\Career\Maven\maven_repository\org\xmlunit\xmlunit-core\2.6.4\xmlunit-core-2.6.4.jar;"/>
    <property name="sun.cpu.endian" value="little"/>
    <property name="user.home" value="C:\Users\yanlang"/>
    <property name="user.language" value="zh"/>
    <property name="java.specification.vendor" value="Oracle Corporation"/>
    <property name="java.home" value="C:\Career\Java\jdk1.8u221\jre"/>
    <property name="basedir" value="C:\Career\GiteeProjects\graduation"/>
    <property name="file.separator" value="\"/>
    <property name="line.separator" value="&#10;"/>
    <property name="java.vm.specification.vendor" value="Oracle Corporation"/>
    <property name="java.specification.name" value="Java Platform API Specification"/>
    <property name="java.awt.graphicsenv" value="sun.awt.Win32GraphicsEnvironment"/>
    <property name="surefire.real.class.path" value="C:\Users\yanlang\AppData\Local\Temp\surefire8648198824614931172\surefirebooter1210549826250733338.jar"/>
    <property name="sun.boot.class.path" value="C:\Career\Java\jdk1.8u221\jre\lib\resources.jar;C:\Career\Java\jdk1.8u221\jre\lib\rt.jar;C:\Career\Java\jdk1.8u221\jre\lib\sunrsasign.jar;C:\Career\Java\jdk1.8u221\jre\lib\jsse.jar;C:\Career\Java\jdk1.8u221\jre\lib\jce.jar;C:\Career\Java\jdk1.8u221\jre\lib\charsets.jar;C:\Career\Java\jdk1.8u221\jre\lib\jfr.jar;C:\Career\Java\jdk1.8u221\jre\classes"/>
    <property name="user.script" value=""/>
    <property name="sun.management.compiler" value="HotSpot 64-Bit Tiered Compilers"/>
    <property name="java.runtime.version" value="1.8.0_221-b11"/>
    <property name="user.name" value="yanlang"/>
    <property name="path.separator" value=";"/>
    <property name="os.version" value="10.0"/>
    <property name="java.endorsed.dirs" value="C:\Career\Java\jdk1.8u221\jre\lib\endorsed"/>
    <property name="java.runtime.name" value="Java(TM) SE Runtime Environment"/>
    <property name="file.encoding" value="GBK"/>
    <property name="java.vm.name" value="Java HotSpot(TM) 64-Bit Server VM"/>
    <property name="localRepository" value="C:\Career\Maven\maven_repository"/>
    <property name="java.vendor.url.bug" value="http://bugreport.sun.com/bugreport/"/>
    <property name="java.io.tmpdir" value="C:\Users\yanlang\AppData\Local\Temp\"/>
    <property name="java.version" value="1.8.0_221"/>
    <property name="user.dir" value="C:\Career\GiteeProjects\graduation"/>
    <property name="os.arch" value="amd64"/>
    <property name="java.vm.specification.name" value="Java Virtual Machine Specification"/>
    <property name="java.awt.printerjob" value="sun.awt.windows.WPrinterJob"/>
    <property name="idea.version2019.3.1" value="true"/>
    <property name="sun.os.patch.level" value=""/>
    <property name="java.library.path" value="C:\Career\Java\jdk1.8u221\jre\bin;C:\Windows\Sun\Java\bin;C:\Windows\system32;C:\Windows;C:\Windows\system32;C:\Windows;C:\Windows\System32\Wbem;C:\Windows\System32\WindowsPowerShell\v1.0\;C:\Windows\System32\OpenSSH\;C:\Career\Java\jdk1.8u221\bin;C:\Career\Maven\apache-maven-3.5.2\bin;C:\Career\gradle-6.6-bin\gradle-6.6\bin;C:\Others\Program Files\Git\cmd;C:\Others\Program Files\TortoiseGit\bin;C:\Career\MySQL\MySQL5.5\bin;C:\Career\Python\Python2;C:\Career\Python\Python2\Scripts;C:\Career\Python\Python3;C:\Career\Python\Python3\Scripts;C:\Career\JavaScript\NodeJs\;C:\Career\JavaScript\NodeJs\node_global;;C:\Program Files\Docker\Docker\resources\bin;C:\ProgramData\DockerDesktop\version-bin;C:\Users\yanlang\AppData\Local\Programs\Python\Python38\Scripts\;C:\Users\yanlang\AppData\Local\Programs\Python\Python38\;C:\Users\yanlang\AppData\Local\Microsoft\WindowsApps;C:\Users\yanlang\AppData\Local\GitHubDesktop\bin;C:\Users\yanlang\AppData\Roaming\npm;."/>
    <property name="java.vm.info" value="mixed mode"/>
    <property name="java.vendor" value="Oracle Corporation"/>
    <property name="java.vm.version" value="25.221-b11"/>
    <property name="java.ext.dirs" value="C:\Career\Java\jdk1.8u221\jre\lib\ext;C:\Windows\Sun\Java\lib\ext"/>
    <property name="sun.io.unicode.encoding" value="UnicodeLittle"/>
    <property name="maven.repo.local" value="C:\Career\Maven\maven_repository"/>
    <property name="java.class.version" value="52.0"/>
  </properties>
  <testcase name="contextLoads" classname="com.niit.graduation.GraduationApplicationTests" time="0.07"/>
</testsuite>